<?xml version="1.0" encoding="UTF-8"?>
<testng-results skipped="0" failed="0" ignored="0" total="1" passed="1">
  <reporter-output>
    <line>
      <![CDATA[test...]]>
    </line>
  </reporter-output>
  <suite name="Default suite" duration-ms="5687" started-at="2018-09-26T10:05:06Z" finished-at="2018-09-26T10:05:11Z">
    <groups>
    </groups>
    <test name="Default test" duration-ms="5687" started-at="2018-09-26T10:05:06Z" finished-at="2018-09-26T10:05:11Z">
      <class name="script.TestDemo">
        <test-method status="PASS" signature="openApp()[pri:0, instance:script.TestDemo@57baeedf]" name="openApp" is-config="true" duration-ms="5458" started-at="2018-09-26T10:05:06Z" finished-at="2018-09-26T10:05:11Z">
          <reporter-output>
          </reporter-output>
        </test-method> <!-- openApp -->
        <test-method status="PASS" signature="testA()[pri:0, instance:script.TestDemo@57baeedf]" name="testA" duration-ms="20" started-at="2018-09-26T10:05:11Z" finished-at="2018-09-26T10:05:11Z">
          <reporter-output>
            <line>
              <![CDATA[test...]]>
            </line>
          </reporter-output>
        </test-method> <!-- testA -->
        <test-method status="PASS" signature="close()[pri:0, instance:script.TestDemo@57baeedf]" name="close" is-config="true" duration-ms="156" started-at="2018-09-26T10:05:11Z" finished-at="2018-09-26T10:05:11Z">
          <reporter-output>
          </reporter-output>
        </test-method> <!-- close -->
      </class> <!-- script.TestDemo -->
    </test> <!-- Default test -->
  </suite> <!-- Default suite -->
</testng-results>
